<?xml version="1.0" encoding="UTF-8"?>
<!-- Generated by org.testng.reporters.JUnitReportReporter -->
<testsuite skipped="0" hostname="DESKTOP-F0G7J5U" name="testNG.TestNgLogin" tests="2" failures="0" timestamp="2021-03-19T12:12:07 CDT" time="13.970" errors="0">
  <testcase name="invalidUsersShouldNotBeAbleToLogIN" time="7.495" classname="testNG.TestNgLogin"/>
  <system-out/>
  <testcase name="validUsersShouldBeAbleToLogIN" time="6.475" classname="testNG.TestNgLogin"/>
  <system-out/>
</testsuite> <!-- testNG.TestNgLogin -->
