<?xml version="1.0" encoding="UTF-8"?>
<!-- Generated by org.testng.reporters.JUnitReportReporter -->
<testsuite skipped="0" hostname="DESKTOP-F0G7J5U" name="testNG.HomeworkSession5$TestNgLogin" tests="1" failures="0" timestamp="2021-03-19T13:47:43 CDT" time="14.004" errors="0">
  <testcase name="validUsersShouldBeAbleToLogIN" time="14.004" classname="testNG.HomeworkSession5$TestNgLogin"/>
  <system-out/>
</testsuite> <!-- testNG.HomeworkSession5$TestNgLogin -->
